<?xml version="1.0" encoding="UTF-8"?>
<!-- Generated by org.testng.reporters.JUnitReportReporter -->
<testsuite hostname="DESKTOP-BQ6QL0N" failures="0" tests="1" name="com.inetbanking.testCases.TC_AddCustomerTest_003" time="24.129" errors="0" timestamp="08 Jun 2022 18:42:07 GMT" skipped="0">
  <testcase classname="com.inetbanking.testCases.TC_AddCustomerTest_003" name="addNewCustomer" time="24.129"/>
</testsuite> <!-- com.inetbanking.testCases.TC_AddCustomerTest_003 -->
